Arguments: 
  /usr/local/bin/node /usr/local/bin/yarn add @expo-google-fonts/Roboto

PATH: 
  /Users/ilhamyassin/.rvm/gems/ruby-2.7.6/bin:/Users/ilhamyassin/.rvm/gems/ruby-2.7.6@global/bin:/Users/ilhamyassin/.rvm/rubies/ruby-2.7.6/bin:/Users/ilhamyassin/.rbenv/shims:/Users/ilhamyassin/.rbenv/bin:/usr/local/bin:/usr/bin:/bin:/usr/sbin:/sbin:/usr/local/mysql/bin:/Library/Apple/usr/bin:/Users/ilhamyassin/.rvm/gems/ruby-2.7.6/bin:/Users/ilhamyassin/.rvm/gems/ruby-2.7.6@global/bin:/Users/ilhamyassin/.rvm/rubies/ruby-2.7.6/bin:/Users/ilhamyassin/.rbenv/shims:/Users/ilhamyassin/.rbenv/bin:/Users/ilhamyassin/.rvm/bin:/Users/ilhamyassin/Library/Android/sdk/emulator:/Users/ilhamyassin/Library/Android/sdk/platform-tools:/Users/ilhamyassin/.rvm/bin:/Users/ilhamyassin/Library/Android/sdk/emulator:/Users/ilhamyassin/Library/Android/sdk/platform-tools

Yarn version: 
  1.22.19

Node version: 
  18.15.0

Platform: 
  darwin x64

Trace: 
  Error: https://registry.yarnpkg.com/@expo-google-fonts%2fRoboto: Not found
      at params.callback [as _callback] (/usr/local/lib/node_modules/yarn/lib/cli.js:66145:18)
      at self.callback (/usr/local/lib/node_modules/yarn/lib/cli.js:140890:22)
      at Request.emit (node:events:513:28)
      at Request.<anonymous> (/usr/local/lib/node_modules/yarn/lib/cli.js:141862:10)
      at Request.emit (node:events:513:28)
      at IncomingMessage.<anonymous> (/usr/local/lib/node_modules/yarn/lib/cli.js:141784:12)
      at Object.onceWrapper (node:events:627:28)
      at IncomingMessage.emit (node:events:525:35)
      at endReadableNT (node:internal/streams/readable:1359:12)
      at process.processTicksAndRejections (node:internal/process/task_queues:82:21)

npm manifest: 
  {
    "name": "duit",
    "version": "1.0.0",
    "main": "node_modules/expo/AppEntry.js",
    "scripts": {
      "start": "expo start",
      "android": "expo start --android",
      "ios": "expo start --ios",
      "web": "expo start --web"
    },
    "dependencies": {
      "@react-navigation/native": "^6.1.6",
      "@react-navigation/stack": "^6.3.16",
      "expo": "~48.0.10",
      "expo-status-bar": "~1.4.4",
      "react": "18.2.0",
      "react-native": "0.71.6",
      "react-native-gesture-handler": "^2.9.0",
      "react-native-safe-area-context": "^4.5.0",
      "react-native-screens": "^3.20.0"
    },
    "devDependencies": {
      "@babel/core": "^7.20.0"
    },
    "private": true
  }

yarn manifest: 
  No manifest

Lockfile: 
  No lockfile
